<?xml version="1.0" encoding="UTF-8"?>
<!-- Generated by org.testng.reporters.JUnitReportReporter -->
<testsuite hostname="Jeff-PC" failures="0" tests="1" name="com.gardolf.hudlmavenproject.loginTest" time="8.977" errors="0" timestamp="2022-07-20T01:42:18 CDT" skipped="0">
  <testcase classname="com.gardolf.hudlmavenproject.loginTest" name="successfulLoginTest" time="8.977"/>
  <system-out/>
</testsuite> <!-- com.gardolf.hudlmavenproject.loginTest -->
